[2015-10-19 08:57:50]	Cannot open file 
[2015-10-19 08:57:50]	E:\JavaWS\ICTCLASDemo\Data\KeyBlackList.pdat
[2015-10-19 09:25:01]	Cannot open file 
[2015-10-19 09:25:01]	E:\JavaWS\ICTCLASDemo\Data\KeyBlackList.pdat
[2015-10-19 09:28:12]	Cannot open file 
[2015-10-19 09:28:12]	E:\JavaWS\ICTCLASDemo\Data\KeyBlackList.pdat
[2015-10-19 09:46:24]	Cannot open file 
[2015-10-19 09:46:24]	E:\JavaWS\ICTCLASDemo\Data\KeyBlackList.pdat
[2015-10-19 09:52:42]	Cannot open file 
[2015-10-19 09:52:42]	E:\JavaWS\ICTCLASDemo\Data\KeyBlackList.pdat
[2015-10-19 09:53:12]	Cannot open file 
[2015-10-19 09:53:12]	E:\JavaWS\ICTCLASDemo\Data\KeyBlackList.pdat
[2015-10-19 09:56:04]	Cannot open file 
[2015-10-19 09:56:04]	E:\JavaWS\ICTCLASDemo\Data\KeyBlackList.pdat
[2015-10-19 09:58:19]	Cannot open file 
[2015-10-19 09:58:19]	E:\JavaWS\ICTCLASDemo\Data\KeyBlackList.pdat
[2015-10-19 10:02:09]	Cannot open file 
[2015-10-19 10:02:09]	E:\JavaWS\ICTCLASDemo\Data\KeyBlackList.pdat
[2015-10-19 10:02:55]	Cannot open file 
[2015-10-19 10:02:55]	E:\JavaWS\ICTCLASDemo\Data\KeyBlackList.pdat
[2015-10-19 10:09:18]	Cannot open file 
[2015-10-19 10:09:18]	E:\JavaWS\ICTCLASDemo\Data\KeyBlackList.pdat
[2015-10-19 10:10:17]	Cannot open file 
[2015-10-19 10:10:17]	E:\JavaWS\ICTCLASDemo\Data\KeyBlackList.pdat
[2015-10-19 10:27:50]	Cannot open file 
[2015-10-19 10:27:50]	E:\JavaWS\ICTCLASDemo\Data\KeyBlackList.pdat
[2015-10-19 10:33:26]	Cannot open file 
[2015-10-19 10:33:26]	E:\JavaWS\ICTCLASDemo\Data\KeyBlackList.pdat
[2015-10-19 10:33:54]	Cannot open file 
[2015-10-19 10:33:54]	E:\JavaWS\ICTCLASDemo\Data\KeyBlackList.pdat
[2015-10-19 10:35:06]	Cannot open file 
[2015-10-19 10:35:06]	E:\JavaWS\ICTCLASDemo\Data\KeyBlackList.pdat
[2015-10-19 10:35:34]	Cannot open file 
[2015-10-19 10:35:34]	E:\JavaWS\ICTCLASDemo\Data\KeyBlackList.pdat
[2015-10-19 10:36:34]	Cannot open file 
[2015-10-19 10:36:34]	E:\JavaWS\ICTCLASDemo\Data\KeyBlackList.pdat
[2015-10-19 10:45:37]	Cannot open file 
[2015-10-19 10:45:37]	E:\JavaWS\ICTCLASDemo\Data\KeyBlackList.pdat
[2015-10-19 10:46:47]	Cannot open file 
[2015-10-19 10:46:47]	E:\JavaWS\ICTCLASDemo\Data\KeyBlackList.pdat
[2015-10-19 10:46:47]	Failed Open file Failed Open file 
[2015-10-19 10:46:47]	Error read file
[2015-10-19 10:46:47]	null\data\userDic.txt
[2015-10-19 10:48:05]	Cannot open file 
[2015-10-19 10:48:05]	E:\JavaWS\ICTCLASDemo\Data\KeyBlackList.pdat
[2015-10-19 10:48:05]	Failed Open file Failed Open file 
[2015-10-19 10:48:05]	Error read file
[2015-10-19 10:48:05]	\data\userDic.txt
[2015-10-19 10:49:46]	Cannot open file 
[2015-10-19 10:49:46]	E:\JavaWS\ICTCLASDemo\Data\KeyBlackList.pdat
[2015-10-19 10:49:46]	Failed Open file Failed Open file 
[2015-10-19 10:49:46]	Error read file
[2015-10-19 10:49:46]	\data\userDic.txt
[2015-10-19 10:50:15]	Cannot open file 
[2015-10-19 10:50:15]	E:\JavaWS\ICTCLASDemo\Data\KeyBlackList.pdat
[2015-10-19 10:50:15]	Failed Open file Failed Open file 
[2015-10-19 10:50:15]	Error read file
[2015-10-19 10:50:15]	\data\userDic.txt
[2015-10-19 10:51:08]	Cannot open file 
[2015-10-19 10:51:08]	E:\JavaWS\ICTCLASDemo\Data\KeyBlackList.pdat
[2015-10-19 10:51:09]	Failed Open file Failed Open file 
[2015-10-19 10:51:09]	Error read file
[2015-10-19 10:51:09]	\data\userDic.txt
[2015-10-19 10:52:08]	Cannot open file 
[2015-10-19 10:52:08]	E:\JavaWS\ICTCLASDemo\Data\KeyBlackList.pdat
[2015-10-19 10:52:53]	Cannot open file 
[2015-10-19 10:52:53]	E:\JavaWS\ICTCLASDemo\Data\KeyBlackList.pdat
[2015-10-19 10:53:07]	Cannot open file 
[2015-10-19 10:53:07]	E:\JavaWS\ICTCLASDemo\Data\KeyBlackList.pdat
[2015-10-19 10:55:00]	Cannot open file 
[2015-10-19 10:55:00]	E:\JavaWS\ICTCLASDemo\Data\KeyBlackList.pdat
[2015-10-19 10:55:17]	Cannot open file 
[2015-10-19 10:55:17]	E:\JavaWS\ICTCLASDemo\Data\KeyBlackList.pdat
[2015-10-19 10:56:39]	Cannot open file 
[2015-10-19 10:56:39]	E:\JavaWS\ICTCLASDemo\Data\KeyBlackList.pdat
[2015-10-19 11:05:58]	Cannot open file 
[2015-10-19 11:05:58]	E:\JavaWS\ICTCLASDemo\Data\KeyBlackList.pdat
[2015-10-19 11:12:30]	Cannot open file 
[2015-10-19 11:12:30]	E:\JavaWS\ICTCLASDemo\Data\KeyBlackList.pdat
[2015-10-19 11:13:11]	Cannot open file 
[2015-10-19 11:13:11]	E:\JavaWS\ICTCLASDemo\Data\KeyBlackList.pdat
[2015-10-19 11:13:48]	Cannot open file 
[2015-10-19 11:13:48]	E:\JavaWS\ICTCLASDemo\Data\KeyBlackList.pdat
[2015-10-19 11:14:52]	Cannot open file 
[2015-10-19 11:14:52]	E:\JavaWS\ICTCLASDemo\Data\KeyBlackList.pdat
[2015-10-19 11:15:18]	Cannot open file 
[2015-10-19 11:15:18]	E:\JavaWS\ICTCLASDemo\Data\KeyBlackList.pdat
[2015-10-19 11:17:48]	Cannot open file 
[2015-10-19 11:17:48]	E:\JavaWS\ICTCLASDemo\Data\KeyBlackList.pdat
[2015-10-19 11:18:06]	Cannot open file 
[2015-10-19 11:18:06]	E:\JavaWS\ICTCLASDemo\Data\KeyBlackList.pdat
[2015-10-19 11:19:07]	Cannot open file 
[2015-10-19 11:19:07]	E:\JavaWS\ICTCLASDemo\Data\KeyBlackList.pdat
[2015-10-19 11:19:28]	Cannot open file 
[2015-10-19 11:19:28]	E:\JavaWS\ICTCLASDemo\Data\KeyBlackList.pdat
[2015-10-19 11:20:18]	Cannot open file 
[2015-10-19 11:20:18]	E:\JavaWS\ICTCLASDemo\Data\KeyBlackList.pdat
[2015-10-19 14:23:06]	Cannot open file 
[2015-10-19 14:23:06]	E:\JavaWS\ICTCLASDemo\Data\KeyBlackList.pdat
[2015-10-19 14:24:37]	Cannot open file 
[2015-10-19 14:24:37]	E:\JavaWS\ICTCLASDemo\Data\KeyBlackList.pdat
[2015-10-19 14:54:40]	Cannot open file 
[2015-10-19 14:54:40]	E:\JavaWS\ICTCLASDemo\Data\KeyBlackList.pdat
[2015-10-19 14:56:08]	Cannot open file 
[2015-10-19 14:56:08]	E:\JavaWS\ICTCLASDemo\Data\KeyBlackList.pdat
[2015-10-19 14:59:06]	Cannot open file 
[2015-10-19 14:59:06]	E:\JavaWS\ICTCLASDemo\Data\KeyBlackList.pdat
[2015-10-19 15:04:09]	Cannot open file 
[2015-10-19 15:04:09]	E:\JavaWS\ICTCLASDemo\Data\KeyBlackList.pdat
[2015-10-19 15:07:21]	Cannot open file 
[2015-10-19 15:07:21]	E:\JavaWS\ICTCLASDemo\Data\KeyBlackList.pdat
[2015-10-19 15:43:26]	Cannot open file 
[2015-10-19 15:43:26]	E:\JavaWS\ICTCLASDemo\Data\KeyBlackList.pdat
[2015-10-19 15:59:19]	Cannot open file 
[2015-10-19 15:59:19]	E:\JavaWS\ICTCLASDemo\Data\KeyBlackList.pdat
[2015-10-19 15:59:44]	Cannot open file 
[2015-10-19 15:59:44]	E:\JavaWS\ICTCLASDemo\Data\KeyBlackList.pdat
[2015-10-19 16:09:20]	Cannot open file 
[2015-10-19 16:09:20]	E:\JavaWS\ICTCLASDemo\Data\KeyBlackList.pdat
